Arguments: 
  C:\Program Files\nodejs\node.exe C:\Program Files (x86)\Yarn\bin\yarn.js add cors

PATH: 
  C:\Program Files\Git\mingw64\bin;C:\Program Files\Git\usr\bin;C:\Users\davim\bin;C:\Program Files (x86)\Common Files\Oracle\Java\javapath;C:\ProgramData\Oracle\Java\javapath;C:\Program Files (x86)\Intel\iCLS Client;C:\Program Files\Intel\iCLS Client;C:\Windows\system32;C:\Windows;C:\Windows\System32\Wbem;C:\Windows\System32\WindowsPowerShell\v1.0;C:\Windows\System32\OpenSSH;C:\Program Files (x86)\Intel\Intel(R) Management Engine Components\DAL;C:\Program Files\Intel\Intel(R) Management Engine Components\DAL;C:\Program Files (x86)\Intel\Intel(R) Management Engine Components\IPT;C:\Program Files\Intel\Intel(R) Management Engine Components\IPT;C:\Program Files (x86)\NVIDIA Corporation\PhysX\Common;C:\Program Files\NVIDIA Corporation\NVIDIA NvDLISR;C:\WINDOWS\system32;C:\WINDOWS;C:\WINDOWS\System32\Wbem;C:\WINDOWS\System32\WindowsPowerShell\v1.0;C:\WINDOWS\System32\OpenSSH;C:\ProgramData\chocolatey\bin;C:\Program Files (x86)\IVI Foundation\VISA\WinNT\Bin;C:\Program Files\Git\cmd;C:\Program Files (x86)\Yarn\bin;C:\Program Files\MongoDB\Server\4.4\bin;C:\Program Files\PostgreSQL\9.6\bin;C:\xampp\php;C:\ProgramData\ComposerSetup\bin;%NVM_HOME%;%NVM_SYMLINK%;C:\Users\davim\AppData\Local\Programs\Python\Python37\Scripts;C:\Users\davim\AppData\Local\Programs\Microsoft VS Code\bin;C:\Users\davim\AppData\Local\Yarn\bin;C:\Users\davim\AppData\Roaming\Composer\vendor\bin;C:\Users\davim\AppData\Local\Microsoft\WindowsApps;C:\Users\davim\AppData\Local\Android\Sdk\emulator;C:\Users\davim\AppData\Local\Android\Sdk\tools;C:\Users\davim\AppData\Local\Android\Sdk\tools\bin;C:\Users\davim\AppData\Local\Android\Sdk\platform-tools;C:\Users\davim\AppData\Roaming\nvm;C:\Program Files\nodejs

Yarn version: 
  1.22.5

Node version: 
  14.17.1

Platform: 
  win32 x64

Trace: 
  Error: EPERM: operation not permitted, unlink 'C:\Users\davim\Documents\esl-teste\backend\node_modules\bcrypt\lib\binding\napi-v3\bcrypt_lib.node'

npm manifest: 
  {
    "name": "backend",
    "version": "1.0.0",
    "description": "",
    "main": "index.js",
    "license": "MIT",
    "type": "module",
    "scripts": {
      "dev": "nodemon src/server.js"
    },
    "dependencies": {
      "bcrypt": "^5.0.1",
      "dotenv": "^10.0.0",
      "express": "^4.17.1",
      "jsonwebtoken": "^8.5.1",
      "mongoose": "^6.1.0",
      "uuid": "^8.3.2"
    },
    "devDependencies": {
      "@types/express": "^4.17.13",
      "@types/uuid": "^8.3.3",
      "nodemon": "^2.0.15"
    }
  }

yarn manifest: 
  No manifest

Lockfile: 
  No lockfile
